DEBUG - 2025-02-14 02:45:01 --> Session: Class initialized using 'CodeIgniter\Session\Handlers\FileHandler' driver.
DEBUG - 2025-02-14 02:45:01 --> Session: Class initialized using 'CodeIgniter\Session\Handlers\FileHandler' driver.
CRITICAL - 2025-02-14 02:45:04 --> ErrorException: unlink(C:\xampp\htdocs\firstci2\writable\debugbar/debugbar_1739243504.879006.json): Permission denied
[Method: GET, Route: /]
in SYSTEMPATH\Debug\Toolbar\Collectors\History.php on line 82.
 1 [internal function]: CodeIgniter\Debug\Exceptions->errorHandler(2, 'unlink(C:\\xampp\\htdocs\\firstci2\\writable\\debugbar/debugbar_1739243504.879006.json): Permission denied', 'C:\\xampp\\htdocs\\firstci2\\vendor\\codeigniter4\\framework\\system\\Debug\\Toolbar\\Collectors\\History.php', 82)
 2 SYSTEMPATH\Debug\Toolbar\Collectors\History.php(82): unlink('C:\\xampp\\htdocs\\firstci2\\writable\\debugbar/debugbar_1739243504.879006.json')
 3 SYSTEMPATH\Debug\Toolbar.php(517): CodeIgniter\Debug\Toolbar\Collectors\History->setFiles('1739501102.056853', 20)
 4 SYSTEMPATH\Debug\Toolbar.php(496): CodeIgniter\Debug\Toolbar->format([...], 'html')
 5 APPPATH\Config\Events.php(47): CodeIgniter\Debug\Toolbar->respond()
 6 SYSTEMPATH\Events\Events.php(155): CodeIgniter\Events\Events::Config\{closure}()
 7 SYSTEMPATH\CodeIgniter.php(340): CodeIgniter\Events\Events::trigger('pre_system')
 8 SYSTEMPATH\Boot.php(334): CodeIgniter\CodeIgniter->run()
 9 SYSTEMPATH\Boot.php(67): CodeIgniter\Boot::runCodeIgniter(Object(CodeIgniter\CodeIgniter))
10 FCPATH\index.php(56): CodeIgniter\Boot::bootWeb(Object(Config\Paths))
DEBUG - 2025-02-14 02:46:34 --> Session: Class initialized using 'CodeIgniter\Session\Handlers\FileHandler' driver.
DEBUG - 2025-02-14 02:46:54 --> Session: Class initialized using 'CodeIgniter\Session\Handlers\FileHandler' driver.
DEBUG - 2025-02-14 02:46:55 --> Session: Class initialized using 'CodeIgniter\Session\Handlers\FileHandler' driver.
CRITICAL - 2025-02-14 03:03:32 --> CodeIgniter\Filters\Exceptions\FilterException: "before" filter must have a matching alias defined.
[Method: GET, Route: dashboard]
in SYSTEMPATH\Filters\Filters.php on line 778.
 1 SYSTEMPATH\Filters\Filters.php(778): CodeIgniter\Filters\Exceptions\FilterException::forNoAlias('before')
 2 SYSTEMPATH\Filters\Filters.php(406): CodeIgniter\Filters\Filters->processAliasesToClass('before')
 3 SYSTEMPATH\Filters\Filters.php(181): CodeIgniter\Filters\Filters->initialize('dashboard')
 4 SYSTEMPATH\CodeIgniter.php(481): CodeIgniter\Filters\Filters->run('dashboard', 'before')
 5 SYSTEMPATH\CodeIgniter.php(355): CodeIgniter\CodeIgniter->handleRequest(null, Object(Config\Cache), false)
 6 SYSTEMPATH\Boot.php(334): CodeIgniter\CodeIgniter->run()
 7 SYSTEMPATH\Boot.php(67): CodeIgniter\Boot::runCodeIgniter(Object(CodeIgniter\CodeIgniter))
 8 FCPATH\index.php(56): CodeIgniter\Boot::bootWeb(Object(Config\Paths))
CRITICAL - 2025-02-14 03:03:41 --> CodeIgniter\Filters\Exceptions\FilterException: "before" filter must have a matching alias defined.
[Method: GET, Route: login]
in SYSTEMPATH\Filters\Filters.php on line 778.
 1 SYSTEMPATH\Filters\Filters.php(778): CodeIgniter\Filters\Exceptions\FilterException::forNoAlias('before')
 2 SYSTEMPATH\Filters\Filters.php(406): CodeIgniter\Filters\Filters->processAliasesToClass('before')
 3 SYSTEMPATH\Filters\Filters.php(181): CodeIgniter\Filters\Filters->initialize('login')
 4 SYSTEMPATH\CodeIgniter.php(481): CodeIgniter\Filters\Filters->run('login', 'before')
 5 SYSTEMPATH\CodeIgniter.php(355): CodeIgniter\CodeIgniter->handleRequest(null, Object(Config\Cache), false)
 6 SYSTEMPATH\Boot.php(334): CodeIgniter\CodeIgniter->run()
 7 SYSTEMPATH\Boot.php(67): CodeIgniter\Boot::runCodeIgniter(Object(CodeIgniter\CodeIgniter))
 8 FCPATH\index.php(56): CodeIgniter\Boot::bootWeb(Object(Config\Paths))
DEBUG - 2025-02-14 03:05:25 --> Session: Class initialized using 'CodeIgniter\Session\Handlers\FileHandler' driver.
DEBUG - 2025-02-14 03:05:40 --> Session: Class initialized using 'CodeIgniter\Session\Handlers\FileHandler' driver.
DEBUG - 2025-02-14 03:05:40 --> Session: Class initialized using 'CodeIgniter\Session\Handlers\FileHandler' driver.
DEBUG - 2025-02-14 03:06:04 --> Session: Class initialized using 'CodeIgniter\Session\Handlers\FileHandler' driver.
INFO - 2025-02-14 03:06:04 --> Stored Hashed Password from DB: $2y$10$qC4Vy2lgYnF0Z1218FK3CuAwdsRgISkFAIM5qPRm6SDNMiLxLhxuW
INFO - 2025-02-14 03:06:04 --> Entered Password: 1234567
INFO - 2025-02-14 03:06:04 --> Password Verification Result: SUCCESS
DEBUG - 2025-02-14 03:06:05 --> Session: Class initialized using 'CodeIgniter\Session\Handlers\FileHandler' driver.
DEBUG - 2025-02-14 03:06:05 --> Session: Class initialized using 'CodeIgniter\Session\Handlers\FileHandler' driver.
DEBUG - 2025-02-14 03:06:13 --> Session: Class initialized using 'CodeIgniter\Session\Handlers\FileHandler' driver.
INFO - 2025-02-14 03:06:13 --> Stored Hashed Password from DB: $2y$10$qC4Vy2lgYnF0Z1218FK3CuAwdsRgISkFAIM5qPRm6SDNMiLxLhxuW
INFO - 2025-02-14 03:06:13 --> Entered Password: 1234567
INFO - 2025-02-14 03:06:13 --> Password Verification Result: SUCCESS
DEBUG - 2025-02-14 03:06:14 --> Session: Class initialized using 'CodeIgniter\Session\Handlers\FileHandler' driver.
DEBUG - 2025-02-14 03:06:14 --> Session: Class initialized using 'CodeIgniter\Session\Handlers\FileHandler' driver.
DEBUG - 2025-02-14 03:06:23 --> Session: Class initialized using 'CodeIgniter\Session\Handlers\FileHandler' driver.
INFO - 2025-02-14 03:06:23 --> Stored Hashed Password from DB: $2y$10$qC4Vy2lgYnF0Z1218FK3CuAwdsRgISkFAIM5qPRm6SDNMiLxLhxuW
INFO - 2025-02-14 03:06:23 --> Entered Password: 12345678
ERROR - 2025-02-14 03:06:24 --> Password mismatch for user: Hasala
DEBUG - 2025-02-14 03:06:24 --> Session: Class initialized using 'CodeIgniter\Session\Handlers\FileHandler' driver.
DEBUG - 2025-02-14 03:06:33 --> Session: Class initialized using 'CodeIgniter\Session\Handlers\FileHandler' driver.
INFO - 2025-02-14 03:06:33 --> Stored Hashed Password from DB: $2y$10$qC4Vy2lgYnF0Z1218FK3CuAwdsRgISkFAIM5qPRm6SDNMiLxLhxuW
INFO - 2025-02-14 03:06:33 --> Entered Password: 1234567
INFO - 2025-02-14 03:06:33 --> Password Verification Result: SUCCESS
DEBUG - 2025-02-14 03:06:34 --> Session: Class initialized using 'CodeIgniter\Session\Handlers\FileHandler' driver.
DEBUG - 2025-02-14 03:06:34 --> Session: Class initialized using 'CodeIgniter\Session\Handlers\FileHandler' driver.
DEBUG - 2025-02-14 03:12:11 --> Session: Class initialized using 'CodeIgniter\Session\Handlers\FileHandler' driver.
INFO - 2025-02-14 03:12:11 --> Session Data in Filter: Array
(
    [__ci_last_regenerate] => 1739502731
    [_ci_previous_url] => http://localhost/index.php/login
    [id] => 18
    [name] => Hasala
    [role] => SuperAdmin
    [privileges] => Array
        (
            [0] => scan_number_plate
            [1] => issue_gate_pass
            [2] => view_vehicles_inside
            [3] => add_vehicle_user
            [4] => manage_users
            [5] => register_user
        )

    [isLoggedIn] => 1
)

DEBUG - 2025-02-14 03:12:19 --> Session: Class initialized using 'CodeIgniter\Session\Handlers\FileHandler' driver.
INFO - 2025-02-14 03:12:19 --> Session Data in Filter: Array
(
    [__ci_last_regenerate] => 1739502731
    [_ci_previous_url] => http://localhost/index.php/login
    [id] => 18
    [name] => Hasala
    [role] => SuperAdmin
    [privileges] => Array
        (
            [0] => scan_number_plate
            [1] => issue_gate_pass
            [2] => view_vehicles_inside
            [3] => add_vehicle_user
            [4] => manage_users
            [5] => register_user
        )

    [isLoggedIn] => 1
)

INFO - 2025-02-14 03:12:19 --> Stored Hashed Password from DB: $2y$10$qC4Vy2lgYnF0Z1218FK3CuAwdsRgISkFAIM5qPRm6SDNMiLxLhxuW
INFO - 2025-02-14 03:12:19 --> Entered Password: 1234567
INFO - 2025-02-14 03:12:19 --> Password Verification Result: SUCCESS
DEBUG - 2025-02-14 03:12:19 --> Session: Class initialized using 'CodeIgniter\Session\Handlers\FileHandler' driver.
INFO - 2025-02-14 03:12:19 --> Session Data in Filter: Array
(
    [__ci_last_regenerate] => 1739502731
    [_ci_previous_url] => http://localhost/index.php/login
    [id] => 18
    [name] => Hasala
    [role] => SuperAdmin
    [privileges] => Array
        (
            [0] => scan_number_plate
            [1] => issue_gate_pass
            [2] => view_vehicles_inside
            [3] => add_vehicle_user
            [4] => manage_users
            [5] => register_user
        )

    [isLoggedIn] => 1
)

DEBUG - 2025-02-14 03:12:25 --> Session: Class initialized using 'CodeIgniter\Session\Handlers\FileHandler' driver.
INFO - 2025-02-14 03:12:25 --> Session Data in Filter: Array
(
    [__ci_last_regenerate] => 1739502731
    [_ci_previous_url] => http://localhost/index.php/dashboard
    [id] => 18
    [name] => Hasala
    [role] => SuperAdmin
    [privileges] => Array
        (
            [0] => scan_number_plate
            [1] => issue_gate_pass
            [2] => view_vehicles_inside
            [3] => add_vehicle_user
            [4] => manage_users
            [5] => register_user
        )

    [isLoggedIn] => 1
)

DEBUG - 2025-02-14 03:12:27 --> Session: Class initialized using 'CodeIgniter\Session\Handlers\FileHandler' driver.
INFO - 2025-02-14 03:12:27 --> Session Data in Filter: Array
(
    [__ci_last_regenerate] => 1739502731
    [_ci_previous_url] => http://localhost/index.php/dashboard
    [id] => 18
    [name] => Hasala
    [role] => SuperAdmin
    [privileges] => Array
        (
            [0] => scan_number_plate
            [1] => issue_gate_pass
            [2] => view_vehicles_inside
            [3] => add_vehicle_user
            [4] => manage_users
            [5] => register_user
        )

    [isLoggedIn] => 1
)

DEBUG - 2025-02-14 03:12:29 --> Session: Class initialized using 'CodeIgniter\Session\Handlers\FileHandler' driver.
INFO - 2025-02-14 03:12:29 --> Session Data in Filter: Array
(
    [__ci_last_regenerate] => 1739502731
    [_ci_previous_url] => http://localhost/index.php/dashboard/issueGatePassForm
    [id] => 18
    [name] => Hasala
    [role] => SuperAdmin
    [privileges] => Array
        (
            [0] => scan_number_plate
            [1] => issue_gate_pass
            [2] => view_vehicles_inside
            [3] => add_vehicle_user
            [4] => manage_users
            [5] => register_user
        )

    [isLoggedIn] => 1
)

DEBUG - 2025-02-14 03:12:30 --> Session: Class initialized using 'CodeIgniter\Session\Handlers\FileHandler' driver.
INFO - 2025-02-14 03:12:30 --> Session Data in Filter: Array
(
    [__ci_last_regenerate] => 1739502731
    [_ci_previous_url] => http://localhost/index.php/dashboard
    [id] => 18
    [name] => Hasala
    [role] => SuperAdmin
    [privileges] => Array
        (
            [0] => scan_number_plate
            [1] => issue_gate_pass
            [2] => view_vehicles_inside
            [3] => add_vehicle_user
            [4] => manage_users
            [5] => register_user
        )

    [isLoggedIn] => 1
)

DEBUG - 2025-02-14 03:12:32 --> Session: Class initialized using 'CodeIgniter\Session\Handlers\FileHandler' driver.
INFO - 2025-02-14 03:12:32 --> Session Data in Filter: Array
(
    [__ci_last_regenerate] => 1739502731
    [_ci_previous_url] => http://localhost/index.php/dashboard/vehiclesInside
    [id] => 18
    [name] => Hasala
    [role] => SuperAdmin
    [privileges] => Array
        (
            [0] => scan_number_plate
            [1] => issue_gate_pass
            [2] => view_vehicles_inside
            [3] => add_vehicle_user
            [4] => manage_users
            [5] => register_user
        )

    [isLoggedIn] => 1
)

DEBUG - 2025-02-14 03:12:33 --> Session: Class initialized using 'CodeIgniter\Session\Handlers\FileHandler' driver.
INFO - 2025-02-14 03:12:33 --> Session Data in Filter: Array
(
    [__ci_last_regenerate] => 1739502731
    [_ci_previous_url] => http://localhost/index.php/dashboard
    [id] => 18
    [name] => Hasala
    [role] => SuperAdmin
    [privileges] => Array
        (
            [0] => scan_number_plate
            [1] => issue_gate_pass
            [2] => view_vehicles_inside
            [3] => add_vehicle_user
            [4] => manage_users
            [5] => register_user
        )

    [isLoggedIn] => 1
)

DEBUG - 2025-02-14 03:12:36 --> Session: Class initialized using 'CodeIgniter\Session\Handlers\FileHandler' driver.
INFO - 2025-02-14 03:12:36 --> Session Data in Filter: Array
(
    [__ci_last_regenerate] => 1739502731
    [_ci_previous_url] => http://localhost/index.php/dashboard/addVehicleUserForm
    [id] => 18
    [name] => Hasala
    [role] => SuperAdmin
    [privileges] => Array
        (
            [0] => scan_number_plate
            [1] => issue_gate_pass
            [2] => view_vehicles_inside
            [3] => add_vehicle_user
            [4] => manage_users
            [5] => register_user
        )

    [isLoggedIn] => 1
)

DEBUG - 2025-02-14 03:12:38 --> Session: Class initialized using 'CodeIgniter\Session\Handlers\FileHandler' driver.
INFO - 2025-02-14 03:12:38 --> Session Data in Filter: Array
(
    [__ci_last_regenerate] => 1739502731
    [_ci_previous_url] => http://localhost/index.php/dashboard
    [id] => 18
    [name] => Hasala
    [role] => SuperAdmin
    [privileges] => Array
        (
            [0] => scan_number_plate
            [1] => issue_gate_pass
            [2] => view_vehicles_inside
            [3] => add_vehicle_user
            [4] => manage_users
            [5] => register_user
        )

    [isLoggedIn] => 1
)

DEBUG - 2025-02-14 03:12:40 --> Session: Class initialized using 'CodeIgniter\Session\Handlers\FileHandler' driver.
INFO - 2025-02-14 03:12:40 --> Session Data in Filter: Array
(
    [__ci_last_regenerate] => 1739502731
    [_ci_previous_url] => http://localhost/index.php/register
    [id] => 18
    [name] => Hasala
    [role] => SuperAdmin
    [privileges] => Array
        (
            [0] => scan_number_plate
            [1] => issue_gate_pass
            [2] => view_vehicles_inside
            [3] => add_vehicle_user
            [4] => manage_users
            [5] => register_user
        )

    [isLoggedIn] => 1
)

DEBUG - 2025-02-14 03:12:41 --> Session: Class initialized using 'CodeIgniter\Session\Handlers\FileHandler' driver.
INFO - 2025-02-14 03:12:41 --> Session Data in Filter: Array
(
    [__ci_last_regenerate] => 1739502731
    [_ci_previous_url] => http://localhost/index.php/dashboard
    [id] => 18
    [name] => Hasala
    [role] => SuperAdmin
    [privileges] => Array
        (
            [0] => scan_number_plate
            [1] => issue_gate_pass
            [2] => view_vehicles_inside
            [3] => add_vehicle_user
            [4] => manage_users
            [5] => register_user
        )

    [isLoggedIn] => 1
)

DEBUG - 2025-02-14 03:12:44 --> Session: Class initialized using 'CodeIgniter\Session\Handlers\FileHandler' driver.
INFO - 2025-02-14 03:12:44 --> Session Data in Filter: Array
(
    [__ci_last_regenerate] => 1739502731
    [_ci_previous_url] => http://localhost/index.php/dashboard/reset-requests
    [id] => 18
    [name] => Hasala
    [role] => SuperAdmin
    [privileges] => Array
        (
            [0] => scan_number_plate
            [1] => issue_gate_pass
            [2] => view_vehicles_inside
            [3] => add_vehicle_user
            [4] => manage_users
            [5] => register_user
        )

    [isLoggedIn] => 1
)

DEBUG - 2025-02-14 03:12:49 --> Session: Class initialized using 'CodeIgniter\Session\Handlers\FileHandler' driver.
INFO - 2025-02-14 03:12:49 --> Session Data in Filter: Array
(
    [__ci_last_regenerate] => 1739502731
    [_ci_previous_url] => http://localhost/index.php/dashboard
    [id] => 18
    [name] => Hasala
    [role] => SuperAdmin
    [privileges] => Array
        (
            [0] => scan_number_plate
            [1] => issue_gate_pass
            [2] => view_vehicles_inside
            [3] => add_vehicle_user
            [4] => manage_users
            [5] => register_user
        )

    [isLoggedIn] => 1
)

DEBUG - 2025-02-14 03:13:01 --> Session: Class initialized using 'CodeIgniter\Session\Handlers\FileHandler' driver.
INFO - 2025-02-14 03:13:01 --> Session Data in Filter: Array
(
    [__ci_last_regenerate] => 1739502781
    [_ci_previous_url] => http://localhost/index.php/forgot-password
)

DEBUG - 2025-02-14 03:13:01 --> Session: Class initialized using 'CodeIgniter\Session\Handlers\FileHandler' driver.
INFO - 2025-02-14 03:13:01 --> Session Data in Filter: Array
(
    [__ci_last_regenerate] => 1739502781
    [_ci_previous_url] => http://localhost/index.php/forgot-password
)

DEBUG - 2025-02-14 03:13:10 --> Session: Class initialized using 'CodeIgniter\Session\Handlers\FileHandler' driver.
INFO - 2025-02-14 03:13:10 --> Session Data in Filter: Array
(
    [__ci_last_regenerate] => 1739502731
    [_ci_previous_url] => http://localhost/index.php/dashboard
    [id] => 18
    [name] => Hasala
    [role] => SuperAdmin
    [privileges] => Array
        (
            [0] => scan_number_plate
            [1] => issue_gate_pass
            [2] => view_vehicles_inside
            [3] => add_vehicle_user
            [4] => manage_users
            [5] => register_user
        )

    [isLoggedIn] => 1
)

DEBUG - 2025-02-14 03:13:19 --> Session: Class initialized using 'CodeIgniter\Session\Handlers\FileHandler' driver.
INFO - 2025-02-14 03:13:19 --> Session Data in Filter: Array
(
    [__ci_last_regenerate] => 1739502731
    [_ci_previous_url] => http://localhost/index.php/dashboard
    [id] => 18
    [name] => Hasala
    [role] => SuperAdmin
    [privileges] => Array
        (
            [0] => scan_number_plate
            [1] => issue_gate_pass
            [2] => view_vehicles_inside
            [3] => add_vehicle_user
            [4] => manage_users
            [5] => register_user
        )

    [isLoggedIn] => 1
)

DEBUG - 2025-02-14 03:13:32 --> Session: Class initialized using 'CodeIgniter\Session\Handlers\FileHandler' driver.
INFO - 2025-02-14 03:13:32 --> Session Data in Filter: Array
(
    [__ci_last_regenerate] => 1739502731
    [_ci_previous_url] => http://localhost/index.php/dashboard
    [id] => 18
    [name] => Hasala
    [role] => SuperAdmin
    [privileges] => Array
        (
            [0] => scan_number_plate
            [1] => issue_gate_pass
            [2] => view_vehicles_inside
            [3] => add_vehicle_user
            [4] => manage_users
            [5] => register_user
        )

    [isLoggedIn] => 1
)

DEBUG - 2025-02-14 03:13:33 --> Session: Class initialized using 'CodeIgniter\Session\Handlers\FileHandler' driver.
INFO - 2025-02-14 03:13:33 --> Session Data in Filter: Array
(
    [__ci_last_regenerate] => 1739502813
)

DEBUG - 2025-02-14 03:13:37 --> Session: Class initialized using 'CodeIgniter\Session\Handlers\FileHandler' driver.
INFO - 2025-02-14 03:13:37 --> Session Data in Filter: Array
(
    [__ci_last_regenerate] => 1739502813
    [_ci_previous_url] => http://localhost/index.php/login
)

DEBUG - 2025-02-14 03:13:38 --> Session: Class initialized using 'CodeIgniter\Session\Handlers\FileHandler' driver.
INFO - 2025-02-14 03:13:38 --> Session Data in Filter: Array
(
    [__ci_last_regenerate] => 1739502813
    [_ci_previous_url] => http://localhost/index.php/login
)

DEBUG - 2025-02-14 03:19:25 --> Session: Class initialized using 'CodeIgniter\Session\Handlers\FileHandler' driver.
INFO - 2025-02-14 03:19:25 --> Session Data in Filter: Array
(
    [__ci_last_regenerate] => 1739503165
    [_ci_previous_url] => http://localhost/index.php/login
)

INFO - 2025-02-14 03:19:25 --> Stored Hashed Password from DB: $2y$10$qC4Vy2lgYnF0Z1218FK3CuAwdsRgISkFAIM5qPRm6SDNMiLxLhxuW
INFO - 2025-02-14 03:19:25 --> Entered Password: 1234567
INFO - 2025-02-14 03:19:25 --> Password Verification Result: SUCCESS
DEBUG - 2025-02-14 03:19:26 --> Session: Class initialized using 'CodeIgniter\Session\Handlers\FileHandler' driver.
INFO - 2025-02-14 03:19:26 --> Session Data in Filter: Array
(
    [__ci_last_regenerate] => 1739503165
    [_ci_previous_url] => http://localhost/index.php/login
    [id] => 18
    [name] => Hasala
    [role] => SuperAdmin
    [privileges] => Array
        (
            [0] => scan_number_plate
            [1] => issue_gate_pass
            [2] => view_vehicles_inside
            [3] => add_vehicle_user
            [4] => manage_users
            [5] => register_user
        )

    [isLoggedIn] => 1
)

DEBUG - 2025-02-14 03:26:58 --> Session: Class initialized using 'CodeIgniter\Session\Handlers\FileHandler' driver.
INFO - 2025-02-14 03:26:58 --> Session Data in Filter: Array
(
    [__ci_last_regenerate] => 1739503618
    [_ci_previous_url] => http://localhost/index.php/dashboard
    [id] => 18
    [name] => Hasala
    [role] => SuperAdmin
    [privileges] => Array
        (
            [0] => scan_number_plate
            [1] => issue_gate_pass
            [2] => view_vehicles_inside
            [3] => add_vehicle_user
            [4] => manage_users
            [5] => register_user
        )

    [isLoggedIn] => 1
)

DEBUG - 2025-02-14 03:30:29 --> Session: Class initialized using 'CodeIgniter\Session\Handlers\FileHandler' driver.
INFO - 2025-02-14 03:30:29 --> Session Data in Filter: Array
(
    [__ci_last_regenerate] => 1739503618
    [_ci_previous_url] => http://localhost/index.php/dashboard
    [id] => 18
    [name] => Hasala
    [role] => SuperAdmin
    [privileges] => Array
        (
            [0] => scan_number_plate
            [1] => issue_gate_pass
            [2] => view_vehicles_inside
            [3] => add_vehicle_user
            [4] => manage_users
            [5] => register_user
        )

    [isLoggedIn] => 1
)

DEBUG - 2025-02-14 03:30:31 --> Session: Class initialized using 'CodeIgniter\Session\Handlers\FileHandler' driver.
INFO - 2025-02-14 03:30:31 --> Session Data in Filter: Array
(
    [__ci_last_regenerate] => 1739503618
    [_ci_previous_url] => http://localhost/index.php/dashboard/issueGatePassForm
    [id] => 18
    [name] => Hasala
    [role] => SuperAdmin
    [privileges] => Array
        (
            [0] => scan_number_plate
            [1] => issue_gate_pass
            [2] => view_vehicles_inside
            [3] => add_vehicle_user
            [4] => manage_users
            [5] => register_user
        )

    [isLoggedIn] => 1
)

DEBUG - 2025-02-14 03:59:43 --> Session: Class initialized using 'CodeIgniter\Session\Handlers\FileHandler' driver.
INFO - 2025-02-14 03:59:43 --> Session Data in Filter: Array
(
    [__ci_last_regenerate] => 1739505583
    [_ci_previous_url] => http://localhost/index.php/login
)

DEBUG - 2025-02-14 03:59:52 --> Session: Class initialized using 'CodeIgniter\Session\Handlers\FileHandler' driver.
INFO - 2025-02-14 03:59:52 --> Session Data in Filter: Array
(
    [__ci_last_regenerate] => 1739505583
    [_ci_previous_url] => http://localhost/index.php/login
)

INFO - 2025-02-14 03:59:52 --> Stored Hashed Password from DB: $2y$10$qC4Vy2lgYnF0Z1218FK3CuAwdsRgISkFAIM5qPRm6SDNMiLxLhxuW
INFO - 2025-02-14 03:59:52 --> Entered Password: 1234567
INFO - 2025-02-14 03:59:52 --> Password Verification Result: SUCCESS
DEBUG - 2025-02-14 03:59:52 --> Session: Class initialized using 'CodeIgniter\Session\Handlers\FileHandler' driver.
INFO - 2025-02-14 03:59:52 --> Session Data in Filter: Array
(
    [__ci_last_regenerate] => 1739505583
    [_ci_previous_url] => http://localhost/index.php/login
    [id] => 18
    [name] => Hasala
    [role] => SuperAdmin
    [privileges] => Array
        (
            [0] => scan_number_plate
            [1] => issue_gate_pass
            [2] => view_vehicles_inside
            [3] => add_vehicle_user
            [4] => manage_users
            [5] => register_user
        )

    [isLoggedIn] => 1
)

DEBUG - 2025-02-14 04:12:45 --> Session: Class initialized using 'CodeIgniter\Session\Handlers\FileHandler' driver.
INFO - 2025-02-14 04:12:45 --> Session Data in Filter: Array
(
    [__ci_last_regenerate] => 1739506365
    [_ci_previous_url] => http://localhost/index.php/dashboard
    [id] => 18
    [name] => Hasala
    [role] => SuperAdmin
    [privileges] => Array
        (
            [0] => scan_number_plate
            [1] => issue_gate_pass
            [2] => view_vehicles_inside
            [3] => add_vehicle_user
            [4] => manage_users
            [5] => register_user
        )

    [isLoggedIn] => 1
)

DEBUG - 2025-02-14 04:12:49 --> Session: Class initialized using 'CodeIgniter\Session\Handlers\FileHandler' driver.
INFO - 2025-02-14 04:12:49 --> Session Data in Filter: Array
(
    [__ci_last_regenerate] => 1739506365
    [_ci_previous_url] => http://localhost/index.php/dashboard
    [id] => 18
    [name] => Hasala
    [role] => SuperAdmin
    [privileges] => Array
        (
            [0] => scan_number_plate
            [1] => issue_gate_pass
            [2] => view_vehicles_inside
            [3] => add_vehicle_user
            [4] => manage_users
            [5] => register_user
        )

    [isLoggedIn] => 1
)

DEBUG - 2025-02-14 04:13:03 --> Session: Class initialized using 'CodeIgniter\Session\Handlers\FileHandler' driver.
INFO - 2025-02-14 04:13:03 --> Session Data in Filter: Array
(
    [__ci_last_regenerate] => 1739506365
    [_ci_previous_url] => http://localhost/index.php/dashboard/register-visitor
    [id] => 18
    [name] => Hasala
    [role] => SuperAdmin
    [privileges] => Array
        (
            [0] => scan_number_plate
            [1] => issue_gate_pass
            [2] => view_vehicles_inside
            [3] => add_vehicle_user
            [4] => manage_users
            [5] => register_user
        )

    [isLoggedIn] => 1
)

DEBUG - 2025-02-14 04:15:25 --> Session: Class initialized using 'CodeIgniter\Session\Handlers\FileHandler' driver.
INFO - 2025-02-14 04:15:25 --> Session Data in Filter: Array
(
    [__ci_last_regenerate] => 1739506365
    [_ci_previous_url] => http://localhost/index.php/dashboard
    [id] => 18
    [name] => Hasala
    [role] => SuperAdmin
    [privileges] => Array
        (
            [0] => scan_number_plate
            [1] => issue_gate_pass
            [2] => view_vehicles_inside
            [3] => add_vehicle_user
            [4] => manage_users
            [5] => register_user
        )

    [isLoggedIn] => 1
)

ERROR - 2025-02-14 04:15:25 --> mysqli_sql_exception: Unknown column 'license_plate' in 'where clause' in C:\xampp\htdocs\firstci2\vendor\codeigniter4\framework\system\Database\MySQLi\Connection.php:312
Stack trace:
#0 C:\xampp\htdocs\firstci2\vendor\codeigniter4\framework\system\Database\MySQLi\Connection.php(312): mysqli->query('SELECT *\nFROM `...', 0)
#1 C:\xampp\htdocs\firstci2\vendor\codeigniter4\framework\system\Database\BaseConnection.php(734): CodeIgniter\Database\MySQLi\Connection->execute('SELECT *\nFROM `...')
#2 C:\xampp\htdocs\firstci2\vendor\codeigniter4\framework\system\Database\BaseConnection.php(648): CodeIgniter\Database\BaseConnection->simpleQuery('SELECT *\nFROM `...')
#3 C:\xampp\htdocs\firstci2\vendor\codeigniter4\framework\system\Database\BaseBuilder.php(1644): CodeIgniter\Database\BaseConnection->query('SELECT *\nFROM `...', Array, false)
#4 C:\xampp\htdocs\firstci2\vendor\codeigniter4\framework\system\Model.php(330): CodeIgniter\Database\BaseBuilder->get()
#5 C:\xampp\htdocs\firstci2\vendor\codeigniter4\framework\system\BaseModel.php(713): CodeIgniter\Model->doFirst()
#6 C:\xampp\htdocs\firstci2\app\Controllers\dashboard_controller.php(27): CodeIgniter\BaseModel->first()
#7 C:\xampp\htdocs\firstci2\vendor\codeigniter4\framework\system\CodeIgniter.php(933): App\Controllers\Dashboard_controller->scanNumberPlate()
#8 C:\xampp\htdocs\firstci2\vendor\codeigniter4\framework\system\CodeIgniter.php(509): CodeIgniter\CodeIgniter->runController(Object(App\Controllers\Dashboard_controller))
#9 C:\xampp\htdocs\firstci2\vendor\codeigniter4\framework\system\CodeIgniter.php(355): CodeIgniter\CodeIgniter->handleRequest(NULL, Object(Config\Cache), false)
#10 C:\xampp\htdocs\firstci2\vendor\codeigniter4\framework\system\Boot.php(334): CodeIgniter\CodeIgniter->run()
#11 C:\xampp\htdocs\firstci2\vendor\codeigniter4\framework\system\Boot.php(67): CodeIgniter\Boot::runCodeIgniter(Object(CodeIgniter\CodeIgniter))
#12 C:\xampp\htdocs\firstci2\public\index.php(56): CodeIgniter\Boot::bootWeb(Object(Config\Paths))
#13 {main}
CRITICAL - 2025-02-14 04:15:25 --> CodeIgniter\Database\Exceptions\DatabaseException: Unknown column 'license_plate' in 'where clause'
[Method: POST, Route: dashboard/scan]
in SYSTEMPATH\Database\BaseConnection.php on line 688.
 1 SYSTEMPATH\Database\BaseBuilder.php(1644): CodeIgniter\Database\BaseConnection->query('SELECT *
FROM `vehicles`
WHERE `license_plate` = :license_plate:
 LIMIT 1', [...], false)
 2 SYSTEMPATH\Model.php(330): CodeIgniter\Database\BaseBuilder->get()
 3 SYSTEMPATH\BaseModel.php(713): CodeIgniter\Model->doFirst()
 4 APPPATH\Controllers\dashboard_controller.php(27): CodeIgniter\BaseModel->first()
 5 SYSTEMPATH\CodeIgniter.php(933): App\Controllers\Dashboard_controller->scanNumberPlate()
 6 SYSTEMPATH\CodeIgniter.php(509): CodeIgniter\CodeIgniter->runController(Object(App\Controllers\Dashboard_controller))
 7 SYSTEMPATH\CodeIgniter.php(355): CodeIgniter\CodeIgniter->handleRequest(null, Object(Config\Cache), false)
 8 SYSTEMPATH\Boot.php(334): CodeIgniter\CodeIgniter->run()
 9 SYSTEMPATH\Boot.php(67): CodeIgniter\Boot::runCodeIgniter(Object(CodeIgniter\CodeIgniter))
10 FCPATH\index.php(56): CodeIgniter\Boot::bootWeb(Object(Config\Paths))
CRITICAL - 2025-02-14 04:15:25 --> [Caused by] CodeIgniter\Database\Exceptions\DatabaseException: Unknown column 'license_plate' in 'where clause'
in SYSTEMPATH\Database\MySQLi\Connection.php on line 317.
 1 SYSTEMPATH\Database\BaseConnection.php(734): CodeIgniter\Database\MySQLi\Connection->execute('SELECT *
FROM `vehicles`
WHERE `license_plate` = \'BCX 55470\'
 LIMIT 1')
 2 SYSTEMPATH\Database\BaseConnection.php(648): CodeIgniter\Database\BaseConnection->simpleQuery('SELECT *
FROM `vehicles`
WHERE `license_plate` = \'BCX 55470\'
 LIMIT 1')
 3 SYSTEMPATH\Database\BaseBuilder.php(1644): CodeIgniter\Database\BaseConnection->query('SELECT *
FROM `vehicles`
WHERE `license_plate` = :license_plate:
 LIMIT 1', [...], false)
 4 SYSTEMPATH\Model.php(330): CodeIgniter\Database\BaseBuilder->get()
 5 SYSTEMPATH\BaseModel.php(713): CodeIgniter\Model->doFirst()
 6 APPPATH\Controllers\dashboard_controller.php(27): CodeIgniter\BaseModel->first()
 7 SYSTEMPATH\CodeIgniter.php(933): App\Controllers\Dashboard_controller->scanNumberPlate()
 8 SYSTEMPATH\CodeIgniter.php(509): CodeIgniter\CodeIgniter->runController(Object(App\Controllers\Dashboard_controller))
 9 SYSTEMPATH\CodeIgniter.php(355): CodeIgniter\CodeIgniter->handleRequest(null, Object(Config\Cache), false)
10 SYSTEMPATH\Boot.php(334): CodeIgniter\CodeIgniter->run()
11 SYSTEMPATH\Boot.php(67): CodeIgniter\Boot::runCodeIgniter(Object(CodeIgniter\CodeIgniter))
12 FCPATH\index.php(56): CodeIgniter\Boot::bootWeb(Object(Config\Paths))
CRITICAL - 2025-02-14 04:15:25 --> [Caused by] mysqli_sql_exception: Unknown column 'license_plate' in 'where clause'
in SYSTEMPATH\Database\MySQLi\Connection.php on line 312.
 1 SYSTEMPATH\Database\MySQLi\Connection.php(312): mysqli->query('SELECT *
FROM `vehicles`
WHERE `license_plate` = \'BCX 55470\'
 LIMIT 1', 0)
 2 SYSTEMPATH\Database\BaseConnection.php(734): CodeIgniter\Database\MySQLi\Connection->execute('SELECT *
FROM `vehicles`
WHERE `license_plate` = \'BCX 55470\'
 LIMIT 1')
 3 SYSTEMPATH\Database\BaseConnection.php(648): CodeIgniter\Database\BaseConnection->simpleQuery('SELECT *
FROM `vehicles`
WHERE `license_plate` = \'BCX 55470\'
 LIMIT 1')
 4 SYSTEMPATH\Database\BaseBuilder.php(1644): CodeIgniter\Database\BaseConnection->query('SELECT *
FROM `vehicles`
WHERE `license_plate` = :license_plate:
 LIMIT 1', [...], false)
 5 SYSTEMPATH\Model.php(330): CodeIgniter\Database\BaseBuilder->get()
 6 SYSTEMPATH\BaseModel.php(713): CodeIgniter\Model->doFirst()
 7 APPPATH\Controllers\dashboard_controller.php(27): CodeIgniter\BaseModel->first()
 8 SYSTEMPATH\CodeIgniter.php(933): App\Controllers\Dashboard_controller->scanNumberPlate()
 9 SYSTEMPATH\CodeIgniter.php(509): CodeIgniter\CodeIgniter->runController(Object(App\Controllers\Dashboard_controller))
10 SYSTEMPATH\CodeIgniter.php(355): CodeIgniter\CodeIgniter->handleRequest(null, Object(Config\Cache), false)
11 SYSTEMPATH\Boot.php(334): CodeIgniter\CodeIgniter->run()
12 SYSTEMPATH\Boot.php(67): CodeIgniter\Boot::runCodeIgniter(Object(CodeIgniter\CodeIgniter))
13 FCPATH\index.php(56): CodeIgniter\Boot::bootWeb(Object(Config\Paths))
DEBUG - 2025-02-14 04:15:33 --> Session: Class initialized using 'CodeIgniter\Session\Handlers\FileHandler' driver.
INFO - 2025-02-14 04:15:33 --> Session Data in Filter: Array
(
    [__ci_last_regenerate] => 1739506365
    [_ci_previous_url] => http://localhost/index.php/dashboard
    [id] => 18
    [name] => Hasala
    [role] => SuperAdmin
    [privileges] => Array
        (
            [0] => scan_number_plate
            [1] => issue_gate_pass
            [2] => view_vehicles_inside
            [3] => add_vehicle_user
            [4] => manage_users
            [5] => register_user
        )

    [isLoggedIn] => 1
)

DEBUG - 2025-02-14 04:15:54 --> Session: Class initialized using 'CodeIgniter\Session\Handlers\FileHandler' driver.
INFO - 2025-02-14 04:15:54 --> Session Data in Filter: Array
(
    [__ci_last_regenerate] => 1739506365
    [_ci_previous_url] => http://localhost/index.php/dashboard
    [id] => 18
    [name] => Hasala
    [role] => SuperAdmin
    [privileges] => Array
        (
            [0] => scan_number_plate
            [1] => issue_gate_pass
            [2] => view_vehicles_inside
            [3] => add_vehicle_user
            [4] => manage_users
            [5] => register_user
        )

    [isLoggedIn] => 1
)

ERROR - 2025-02-14 04:15:54 --> mysqli_sql_exception: Unknown column 'license_plate' in 'where clause' in C:\xampp\htdocs\firstci2\vendor\codeigniter4\framework\system\Database\MySQLi\Connection.php:312
Stack trace:
#0 C:\xampp\htdocs\firstci2\vendor\codeigniter4\framework\system\Database\MySQLi\Connection.php(312): mysqli->query('SELECT *\nFROM `...', 0)
#1 C:\xampp\htdocs\firstci2\vendor\codeigniter4\framework\system\Database\BaseConnection.php(734): CodeIgniter\Database\MySQLi\Connection->execute('SELECT *\nFROM `...')
#2 C:\xampp\htdocs\firstci2\vendor\codeigniter4\framework\system\Database\BaseConnection.php(648): CodeIgniter\Database\BaseConnection->simpleQuery('SELECT *\nFROM `...')
#3 C:\xampp\htdocs\firstci2\vendor\codeigniter4\framework\system\Database\BaseBuilder.php(1644): CodeIgniter\Database\BaseConnection->query('SELECT *\nFROM `...', Array, false)
#4 C:\xampp\htdocs\firstci2\vendor\codeigniter4\framework\system\Model.php(330): CodeIgniter\Database\BaseBuilder->get()
#5 C:\xampp\htdocs\firstci2\vendor\codeigniter4\framework\system\BaseModel.php(713): CodeIgniter\Model->doFirst()
#6 C:\xampp\htdocs\firstci2\app\Controllers\dashboard_controller.php(27): CodeIgniter\BaseModel->first()
#7 C:\xampp\htdocs\firstci2\vendor\codeigniter4\framework\system\CodeIgniter.php(933): App\Controllers\Dashboard_controller->scanNumberPlate()
#8 C:\xampp\htdocs\firstci2\vendor\codeigniter4\framework\system\CodeIgniter.php(509): CodeIgniter\CodeIgniter->runController(Object(App\Controllers\Dashboard_controller))
#9 C:\xampp\htdocs\firstci2\vendor\codeigniter4\framework\system\CodeIgniter.php(355): CodeIgniter\CodeIgniter->handleRequest(NULL, Object(Config\Cache), false)
#10 C:\xampp\htdocs\firstci2\vendor\codeigniter4\framework\system\Boot.php(334): CodeIgniter\CodeIgniter->run()
#11 C:\xampp\htdocs\firstci2\vendor\codeigniter4\framework\system\Boot.php(67): CodeIgniter\Boot::runCodeIgniter(Object(CodeIgniter\CodeIgniter))
#12 C:\xampp\htdocs\firstci2\public\index.php(56): CodeIgniter\Boot::bootWeb(Object(Config\Paths))
#13 {main}
CRITICAL - 2025-02-14 04:15:54 --> CodeIgniter\Database\Exceptions\DatabaseException: Unknown column 'license_plate' in 'where clause'
[Method: POST, Route: dashboard/scan]
in SYSTEMPATH\Database\BaseConnection.php on line 688.
 1 SYSTEMPATH\Database\BaseBuilder.php(1644): CodeIgniter\Database\BaseConnection->query('SELECT *
FROM `vehicles`
WHERE `license_plate` = :license_plate:
 LIMIT 1', [...], false)
 2 SYSTEMPATH\Model.php(330): CodeIgniter\Database\BaseBuilder->get()
 3 SYSTEMPATH\BaseModel.php(713): CodeIgniter\Model->doFirst()
 4 APPPATH\Controllers\dashboard_controller.php(27): CodeIgniter\BaseModel->first()
 5 SYSTEMPATH\CodeIgniter.php(933): App\Controllers\Dashboard_controller->scanNumberPlate()
 6 SYSTEMPATH\CodeIgniter.php(509): CodeIgniter\CodeIgniter->runController(Object(App\Controllers\Dashboard_controller))
 7 SYSTEMPATH\CodeIgniter.php(355): CodeIgniter\CodeIgniter->handleRequest(null, Object(Config\Cache), false)
 8 SYSTEMPATH\Boot.php(334): CodeIgniter\CodeIgniter->run()
 9 SYSTEMPATH\Boot.php(67): CodeIgniter\Boot::runCodeIgniter(Object(CodeIgniter\CodeIgniter))
10 FCPATH\index.php(56): CodeIgniter\Boot::bootWeb(Object(Config\Paths))
CRITICAL - 2025-02-14 04:15:54 --> [Caused by] CodeIgniter\Database\Exceptions\DatabaseException: Unknown column 'license_plate' in 'where clause'
in SYSTEMPATH\Database\MySQLi\Connection.php on line 317.
 1 SYSTEMPATH\Database\BaseConnection.php(734): CodeIgniter\Database\MySQLi\Connection->execute('SELECT *
FROM `vehicles`
WHERE `license_plate` = \'BCX 55470\'
 LIMIT 1')
 2 SYSTEMPATH\Database\BaseConnection.php(648): CodeIgniter\Database\BaseConnection->simpleQuery('SELECT *
FROM `vehicles`
WHERE `license_plate` = \'BCX 55470\'
 LIMIT 1')
 3 SYSTEMPATH\Database\BaseBuilder.php(1644): CodeIgniter\Database\BaseConnection->query('SELECT *
FROM `vehicles`
WHERE `license_plate` = :license_plate:
 LIMIT 1', [...], false)
 4 SYSTEMPATH\Model.php(330): CodeIgniter\Database\BaseBuilder->get()
 5 SYSTEMPATH\BaseModel.php(713): CodeIgniter\Model->doFirst()
 6 APPPATH\Controllers\dashboard_controller.php(27): CodeIgniter\BaseModel->first()
 7 SYSTEMPATH\CodeIgniter.php(933): App\Controllers\Dashboard_controller->scanNumberPlate()
 8 SYSTEMPATH\CodeIgniter.php(509): CodeIgniter\CodeIgniter->runController(Object(App\Controllers\Dashboard_controller))
 9 SYSTEMPATH\CodeIgniter.php(355): CodeIgniter\CodeIgniter->handleRequest(null, Object(Config\Cache), false)
10 SYSTEMPATH\Boot.php(334): CodeIgniter\CodeIgniter->run()
11 SYSTEMPATH\Boot.php(67): CodeIgniter\Boot::runCodeIgniter(Object(CodeIgniter\CodeIgniter))
12 FCPATH\index.php(56): CodeIgniter\Boot::bootWeb(Object(Config\Paths))
CRITICAL - 2025-02-14 04:15:54 --> [Caused by] mysqli_sql_exception: Unknown column 'license_plate' in 'where clause'
in SYSTEMPATH\Database\MySQLi\Connection.php on line 312.
 1 SYSTEMPATH\Database\MySQLi\Connection.php(312): mysqli->query('SELECT *
FROM `vehicles`
WHERE `license_plate` = \'BCX 55470\'
 LIMIT 1', 0)
 2 SYSTEMPATH\Database\BaseConnection.php(734): CodeIgniter\Database\MySQLi\Connection->execute('SELECT *
FROM `vehicles`
WHERE `license_plate` = \'BCX 55470\'
 LIMIT 1')
 3 SYSTEMPATH\Database\BaseConnection.php(648): CodeIgniter\Database\BaseConnection->simpleQuery('SELECT *
FROM `vehicles`
WHERE `license_plate` = \'BCX 55470\'
 LIMIT 1')
 4 SYSTEMPATH\Database\BaseBuilder.php(1644): CodeIgniter\Database\BaseConnection->query('SELECT *
FROM `vehicles`
WHERE `license_plate` = :license_plate:
 LIMIT 1', [...], false)
 5 SYSTEMPATH\Model.php(330): CodeIgniter\Database\BaseBuilder->get()
 6 SYSTEMPATH\BaseModel.php(713): CodeIgniter\Model->doFirst()
 7 APPPATH\Controllers\dashboard_controller.php(27): CodeIgniter\BaseModel->first()
 8 SYSTEMPATH\CodeIgniter.php(933): App\Controllers\Dashboard_controller->scanNumberPlate()
 9 SYSTEMPATH\CodeIgniter.php(509): CodeIgniter\CodeIgniter->runController(Object(App\Controllers\Dashboard_controller))
10 SYSTEMPATH\CodeIgniter.php(355): CodeIgniter\CodeIgniter->handleRequest(null, Object(Config\Cache), false)
11 SYSTEMPATH\Boot.php(334): CodeIgniter\CodeIgniter->run()
12 SYSTEMPATH\Boot.php(67): CodeIgniter\Boot::runCodeIgniter(Object(CodeIgniter\CodeIgniter))
13 FCPATH\index.php(56): CodeIgniter\Boot::bootWeb(Object(Config\Paths))
DEBUG - 2025-02-14 04:24:41 --> Session: Class initialized using 'CodeIgniter\Session\Handlers\FileHandler' driver.
INFO - 2025-02-14 04:24:41 --> Session Data in Filter: Array
(
    [__ci_last_regenerate] => 1739507081
    [_ci_previous_url] => http://localhost/index.php/dashboard
    [id] => 18
    [name] => Hasala
    [role] => SuperAdmin
    [privileges] => Array
        (
            [0] => scan_number_plate
            [1] => issue_gate_pass
            [2] => view_vehicles_inside
            [3] => add_vehicle_user
            [4] => manage_users
            [5] => register_user
        )

    [isLoggedIn] => 1
)

DEBUG - 2025-02-14 04:24:43 --> Session: Class initialized using 'CodeIgniter\Session\Handlers\FileHandler' driver.
INFO - 2025-02-14 04:24:43 --> Session Data in Filter: Array
(
    [__ci_last_regenerate] => 1739507081
    [_ci_previous_url] => http://localhost/index.php/dashboard
    [id] => 18
    [name] => Hasala
    [role] => SuperAdmin
    [privileges] => Array
        (
            [0] => scan_number_plate
            [1] => issue_gate_pass
            [2] => view_vehicles_inside
            [3] => add_vehicle_user
            [4] => manage_users
            [5] => register_user
        )

    [isLoggedIn] => 1
)

CRITICAL - 2025-02-14 04:24:43 --> CodeIgniter\View\Exceptions\ViewException: Invalid file: "dashboard/index.php"
[Method: POST, Route: dashboard/scan]
in SYSTEMPATH\Exceptions\FrameworkException.php on line 41.
 1 SYSTEMPATH\View\View.php(222): CodeIgniter\Exceptions\FrameworkException::forInvalidFile('dashboard/index.php')
 2 SYSTEMPATH\Common.php(1171): CodeIgniter\View\View->render('dashboard/index', [], true)
 3 APPPATH\Controllers\dashboard_controller.php(48): view('dashboard/index', [...])
 4 SYSTEMPATH\CodeIgniter.php(933): App\Controllers\Dashboard_controller->scanNumberPlate()
 5 SYSTEMPATH\CodeIgniter.php(509): CodeIgniter\CodeIgniter->runController(Object(App\Controllers\Dashboard_controller))
 6 SYSTEMPATH\CodeIgniter.php(355): CodeIgniter\CodeIgniter->handleRequest(null, Object(Config\Cache), false)
 7 SYSTEMPATH\Boot.php(334): CodeIgniter\CodeIgniter->run()
 8 SYSTEMPATH\Boot.php(67): CodeIgniter\Boot::runCodeIgniter(Object(CodeIgniter\CodeIgniter))
 9 FCPATH\index.php(56): CodeIgniter\Boot::bootWeb(Object(Config\Paths))
DEBUG - 2025-02-14 04:25:05 --> Session: Class initialized using 'CodeIgniter\Session\Handlers\FileHandler' driver.
INFO - 2025-02-14 04:25:05 --> Session Data in Filter: Array
(
    [__ci_last_regenerate] => 1739507081
    [_ci_previous_url] => http://localhost/index.php/dashboard
    [id] => 18
    [name] => Hasala
    [role] => SuperAdmin
    [privileges] => Array
        (
            [0] => scan_number_plate
            [1] => issue_gate_pass
            [2] => view_vehicles_inside
            [3] => add_vehicle_user
            [4] => manage_users
            [5] => register_user
        )

    [isLoggedIn] => 1
)

DEBUG - 2025-02-14 04:25:09 --> Session: Class initialized using 'CodeIgniter\Session\Handlers\FileHandler' driver.
INFO - 2025-02-14 04:25:09 --> Session Data in Filter: Array
(
    [__ci_last_regenerate] => 1739507081
    [_ci_previous_url] => http://localhost/index.php/dashboard
    [id] => 18
    [name] => Hasala
    [role] => SuperAdmin
    [privileges] => Array
        (
            [0] => scan_number_plate
            [1] => issue_gate_pass
            [2] => view_vehicles_inside
            [3] => add_vehicle_user
            [4] => manage_users
            [5] => register_user
        )

    [isLoggedIn] => 1
)

DEBUG - 2025-02-14 04:25:15 --> Session: Class initialized using 'CodeIgniter\Session\Handlers\FileHandler' driver.
INFO - 2025-02-14 04:25:15 --> Session Data in Filter: Array
(
    [__ci_last_regenerate] => 1739507081
    [_ci_previous_url] => http://localhost/index.php/dashboard
    [id] => 18
    [name] => Hasala
    [role] => SuperAdmin
    [privileges] => Array
        (
            [0] => scan_number_plate
            [1] => issue_gate_pass
            [2] => view_vehicles_inside
            [3] => add_vehicle_user
            [4] => manage_users
            [5] => register_user
        )

    [isLoggedIn] => 1
)

DEBUG - 2025-02-14 04:25:20 --> Session: Class initialized using 'CodeIgniter\Session\Handlers\FileHandler' driver.
INFO - 2025-02-14 04:25:20 --> Session Data in Filter: Array
(
    [__ci_last_regenerate] => 1739507081
    [_ci_previous_url] => http://localhost/index.php/dashboard
    [id] => 18
    [name] => Hasala
    [role] => SuperAdmin
    [privileges] => Array
        (
            [0] => scan_number_plate
            [1] => issue_gate_pass
            [2] => view_vehicles_inside
            [3] => add_vehicle_user
            [4] => manage_users
            [5] => register_user
        )

    [isLoggedIn] => 1
)

DEBUG - 2025-02-14 04:25:23 --> Session: Class initialized using 'CodeIgniter\Session\Handlers\FileHandler' driver.
INFO - 2025-02-14 04:25:23 --> Session Data in Filter: Array
(
    [__ci_last_regenerate] => 1739507081
    [_ci_previous_url] => http://localhost/index.php/dashboard
    [id] => 18
    [name] => Hasala
    [role] => SuperAdmin
    [privileges] => Array
        (
            [0] => scan_number_plate
            [1] => issue_gate_pass
            [2] => view_vehicles_inside
            [3] => add_vehicle_user
            [4] => manage_users
            [5] => register_user
        )

    [isLoggedIn] => 1
)

CRITICAL - 2025-02-14 04:25:24 --> CodeIgniter\View\Exceptions\ViewException: Invalid file: "dashboard/index.php"
[Method: POST, Route: dashboard/scan]
in SYSTEMPATH\Exceptions\FrameworkException.php on line 41.
 1 SYSTEMPATH\View\View.php(222): CodeIgniter\Exceptions\FrameworkException::forInvalidFile('dashboard/index.php')
 2 SYSTEMPATH\Common.php(1171): CodeIgniter\View\View->render('dashboard/index', [], true)
 3 APPPATH\Controllers\dashboard_controller.php(48): view('dashboard/index', [...])
 4 SYSTEMPATH\CodeIgniter.php(933): App\Controllers\Dashboard_controller->scanNumberPlate()
 5 SYSTEMPATH\CodeIgniter.php(509): CodeIgniter\CodeIgniter->runController(Object(App\Controllers\Dashboard_controller))
 6 SYSTEMPATH\CodeIgniter.php(355): CodeIgniter\CodeIgniter->handleRequest(null, Object(Config\Cache), false)
 7 SYSTEMPATH\Boot.php(334): CodeIgniter\CodeIgniter->run()
 8 SYSTEMPATH\Boot.php(67): CodeIgniter\Boot::runCodeIgniter(Object(CodeIgniter\CodeIgniter))
 9 FCPATH\index.php(56): CodeIgniter\Boot::bootWeb(Object(Config\Paths))
DEBUG - 2025-02-14 04:27:09 --> Session: Class initialized using 'CodeIgniter\Session\Handlers\FileHandler' driver.
INFO - 2025-02-14 04:27:09 --> Session Data in Filter: Array
(
    [__ci_last_regenerate] => 1739507081
    [_ci_previous_url] => http://localhost/index.php/dashboard
    [id] => 18
    [name] => Hasala
    [role] => SuperAdmin
    [privileges] => Array
        (
            [0] => scan_number_plate
            [1] => issue_gate_pass
            [2] => view_vehicles_inside
            [3] => add_vehicle_user
            [4] => manage_users
            [5] => register_user
        )

    [isLoggedIn] => 1
)

DEBUG - 2025-02-14 04:27:11 --> Session: Class initialized using 'CodeIgniter\Session\Handlers\FileHandler' driver.
INFO - 2025-02-14 04:27:11 --> Session Data in Filter: Array
(
    [__ci_last_regenerate] => 1739507081
    [_ci_previous_url] => http://localhost/index.php/dashboard
    [id] => 18
    [name] => Hasala
    [role] => SuperAdmin
    [privileges] => Array
        (
            [0] => scan_number_plate
            [1] => issue_gate_pass
            [2] => view_vehicles_inside
            [3] => add_vehicle_user
            [4] => manage_users
            [5] => register_user
        )

    [isLoggedIn] => 1
)

CRITICAL - 2025-02-14 04:27:11 --> ErrorException: Undefined array key "license_plate"
[Method: POST, Route: dashboard/scan]
in APPPATH\Views\dashboard.php on line 237.
 1 APPPATH\Views\dashboard.php(237): CodeIgniter\Debug\Exceptions->errorHandler(2, 'Undefined array key "license_plate"', 'C:\\xampp\\htdocs\\firstci2\\app\\Views\\dashboard.php', 237)
 2 SYSTEMPATH\View\View.php(234): include('C:\\xampp\\htdocs\\firstci2\\app\\Views\\dashboard.php')
 3 SYSTEMPATH\View\View.php(237): CodeIgniter\View\View->CodeIgniter\View\{closure}()
 4 SYSTEMPATH\Common.php(1171): CodeIgniter\View\View->render('dashboard', [], true)
 5 APPPATH\Controllers\dashboard_controller.php(48): view('dashboard', [...])
 6 SYSTEMPATH\CodeIgniter.php(933): App\Controllers\Dashboard_controller->scanNumberPlate()
 7 SYSTEMPATH\CodeIgniter.php(509): CodeIgniter\CodeIgniter->runController(Object(App\Controllers\Dashboard_controller))
 8 SYSTEMPATH\CodeIgniter.php(355): CodeIgniter\CodeIgniter->handleRequest(null, Object(Config\Cache), false)
 9 SYSTEMPATH\Boot.php(334): CodeIgniter\CodeIgniter->run()
10 SYSTEMPATH\Boot.php(67): CodeIgniter\Boot::runCodeIgniter(Object(CodeIgniter\CodeIgniter))
11 FCPATH\index.php(56): CodeIgniter\Boot::bootWeb(Object(Config\Paths))
DEBUG - 2025-02-14 04:28:31 --> Session: Class initialized using 'CodeIgniter\Session\Handlers\FileHandler' driver.
INFO - 2025-02-14 04:28:31 --> Session Data in Filter: Array
(
    [__ci_last_regenerate] => 1739507081
    [_ci_previous_url] => http://localhost/index.php/dashboard
    [id] => 18
    [name] => Hasala
    [role] => SuperAdmin
    [privileges] => Array
        (
            [0] => scan_number_plate
            [1] => issue_gate_pass
            [2] => view_vehicles_inside
            [3] => add_vehicle_user
            [4] => manage_users
            [5] => register_user
        )

    [isLoggedIn] => 1
)

DEBUG - 2025-02-14 04:28:33 --> Session: Class initialized using 'CodeIgniter\Session\Handlers\FileHandler' driver.
INFO - 2025-02-14 04:28:33 --> Session Data in Filter: Array
(
    [__ci_last_regenerate] => 1739507081
    [_ci_previous_url] => http://localhost/index.php/dashboard
    [id] => 18
    [name] => Hasala
    [role] => SuperAdmin
    [privileges] => Array
        (
            [0] => scan_number_plate
            [1] => issue_gate_pass
            [2] => view_vehicles_inside
            [3] => add_vehicle_user
            [4] => manage_users
            [5] => register_user
        )

    [isLoggedIn] => 1
)

DEBUG - 2025-02-14 04:31:37 --> Session: Class initialized using 'CodeIgniter\Session\Handlers\FileHandler' driver.
INFO - 2025-02-14 04:31:37 --> Session Data in Filter: Array
(
    [__ci_last_regenerate] => 1739507497
    [_ci_previous_url] => http://localhost/index.php/dashboard/scan
    [id] => 18
    [name] => Hasala
    [role] => SuperAdmin
    [privileges] => Array
        (
            [0] => scan_number_plate
            [1] => issue_gate_pass
            [2] => view_vehicles_inside
            [3] => add_vehicle_user
            [4] => manage_users
            [5] => register_user
        )

    [isLoggedIn] => 1
)

DEBUG - 2025-02-14 04:31:42 --> Session: Class initialized using 'CodeIgniter\Session\Handlers\FileHandler' driver.
INFO - 2025-02-14 04:31:42 --> Session Data in Filter: Array
(
    [__ci_last_regenerate] => 1739507497
    [_ci_previous_url] => http://localhost/index.php/dashboard/issueGatePassForm
    [id] => 18
    [name] => Hasala
    [role] => SuperAdmin
    [privileges] => Array
        (
            [0] => scan_number_plate
            [1] => issue_gate_pass
            [2] => view_vehicles_inside
            [3] => add_vehicle_user
            [4] => manage_users
            [5] => register_user
        )

    [isLoggedIn] => 1
)

DEBUG - 2025-02-14 04:31:43 --> Session: Class initialized using 'CodeIgniter\Session\Handlers\FileHandler' driver.
INFO - 2025-02-14 04:31:43 --> Session Data in Filter: Array
(
    [__ci_last_regenerate] => 1739507497
    [_ci_previous_url] => http://localhost/index.php/dashboard
    [id] => 18
    [name] => Hasala
    [role] => SuperAdmin
    [privileges] => Array
        (
            [0] => scan_number_plate
            [1] => issue_gate_pass
            [2] => view_vehicles_inside
            [3] => add_vehicle_user
            [4] => manage_users
            [5] => register_user
        )

    [isLoggedIn] => 1
)

DEBUG - 2025-02-14 04:31:45 --> Session: Class initialized using 'CodeIgniter\Session\Handlers\FileHandler' driver.
INFO - 2025-02-14 04:31:45 --> Session Data in Filter: Array
(
    [__ci_last_regenerate] => 1739507497
    [_ci_previous_url] => http://localhost/index.php/dashboard/vehiclesInside
    [id] => 18
    [name] => Hasala
    [role] => SuperAdmin
    [privileges] => Array
        (
            [0] => scan_number_plate
            [1] => issue_gate_pass
            [2] => view_vehicles_inside
            [3] => add_vehicle_user
            [4] => manage_users
            [5] => register_user
        )

    [isLoggedIn] => 1
)

DEBUG - 2025-02-14 04:31:46 --> Session: Class initialized using 'CodeIgniter\Session\Handlers\FileHandler' driver.
INFO - 2025-02-14 04:31:46 --> Session Data in Filter: Array
(
    [__ci_last_regenerate] => 1739507497
    [_ci_previous_url] => http://localhost/index.php/dashboard
    [id] => 18
    [name] => Hasala
    [role] => SuperAdmin
    [privileges] => Array
        (
            [0] => scan_number_plate
            [1] => issue_gate_pass
            [2] => view_vehicles_inside
            [3] => add_vehicle_user
            [4] => manage_users
            [5] => register_user
        )

    [isLoggedIn] => 1
)

DEBUG - 2025-02-14 04:31:48 --> Session: Class initialized using 'CodeIgniter\Session\Handlers\FileHandler' driver.
INFO - 2025-02-14 04:31:48 --> Session Data in Filter: Array
(
    [__ci_last_regenerate] => 1739507497
    [_ci_previous_url] => http://localhost/index.php/dashboard/issueGatePassForm
    [id] => 18
    [name] => Hasala
    [role] => SuperAdmin
    [privileges] => Array
        (
            [0] => scan_number_plate
            [1] => issue_gate_pass
            [2] => view_vehicles_inside
            [3] => add_vehicle_user
            [4] => manage_users
            [5] => register_user
        )

    [isLoggedIn] => 1
)

DEBUG - 2025-02-14 04:31:49 --> Session: Class initialized using 'CodeIgniter\Session\Handlers\FileHandler' driver.
INFO - 2025-02-14 04:31:49 --> Session Data in Filter: Array
(
    [__ci_last_regenerate] => 1739507497
    [_ci_previous_url] => http://localhost/index.php/dashboard
    [id] => 18
    [name] => Hasala
    [role] => SuperAdmin
    [privileges] => Array
        (
            [0] => scan_number_plate
            [1] => issue_gate_pass
            [2] => view_vehicles_inside
            [3] => add_vehicle_user
            [4] => manage_users
            [5] => register_user
        )

    [isLoggedIn] => 1
)

DEBUG - 2025-02-14 04:31:51 --> Session: Class initialized using 'CodeIgniter\Session\Handlers\FileHandler' driver.
INFO - 2025-02-14 04:31:51 --> Session Data in Filter: Array
(
    [__ci_last_regenerate] => 1739507497
    [_ci_previous_url] => http://localhost/index.php/dashboard/addVehicleUserForm
    [id] => 18
    [name] => Hasala
    [role] => SuperAdmin
    [privileges] => Array
        (
            [0] => scan_number_plate
            [1] => issue_gate_pass
            [2] => view_vehicles_inside
            [3] => add_vehicle_user
            [4] => manage_users
            [5] => register_user
        )

    [isLoggedIn] => 1
)

DEBUG - 2025-02-14 04:31:52 --> Session: Class initialized using 'CodeIgniter\Session\Handlers\FileHandler' driver.
INFO - 2025-02-14 04:31:52 --> Session Data in Filter: Array
(
    [__ci_last_regenerate] => 1739507497
    [_ci_previous_url] => http://localhost/index.php/dashboard
    [id] => 18
    [name] => Hasala
    [role] => SuperAdmin
    [privileges] => Array
        (
            [0] => scan_number_plate
            [1] => issue_gate_pass
            [2] => view_vehicles_inside
            [3] => add_vehicle_user
            [4] => manage_users
            [5] => register_user
        )

    [isLoggedIn] => 1
)

DEBUG - 2025-02-14 04:32:03 --> Session: Class initialized using 'CodeIgniter\Session\Handlers\FileHandler' driver.
INFO - 2025-02-14 04:32:03 --> Session Data in Filter: Array
(
    [__ci_last_regenerate] => 1739507497
    [_ci_previous_url] => http://localhost/index.php/dashboard/register-visitor
    [id] => 18
    [name] => Hasala
    [role] => SuperAdmin
    [privileges] => Array
        (
            [0] => scan_number_plate
            [1] => issue_gate_pass
            [2] => view_vehicles_inside
            [3] => add_vehicle_user
            [4] => manage_users
            [5] => register_user
        )

    [isLoggedIn] => 1
)

DEBUG - 2025-02-14 04:32:06 --> Session: Class initialized using 'CodeIgniter\Session\Handlers\FileHandler' driver.
INFO - 2025-02-14 04:32:06 --> Session Data in Filter: Array
(
    [__ci_last_regenerate] => 1739507497
    [_ci_previous_url] => http://localhost/index.php/dashboard
    [id] => 18
    [name] => Hasala
    [role] => SuperAdmin
    [privileges] => Array
        (
            [0] => scan_number_plate
            [1] => issue_gate_pass
            [2] => view_vehicles_inside
            [3] => add_vehicle_user
            [4] => manage_users
            [5] => register_user
        )

    [isLoggedIn] => 1
)

DEBUG - 2025-02-14 04:32:08 --> Session: Class initialized using 'CodeIgniter\Session\Handlers\FileHandler' driver.
INFO - 2025-02-14 04:32:08 --> Session Data in Filter: Array
(
    [__ci_last_regenerate] => 1739507497
    [_ci_previous_url] => http://localhost/index.php/dashboard/reset-requests
    [id] => 18
    [name] => Hasala
    [role] => SuperAdmin
    [privileges] => Array
        (
            [0] => scan_number_plate
            [1] => issue_gate_pass
            [2] => view_vehicles_inside
            [3] => add_vehicle_user
            [4] => manage_users
            [5] => register_user
        )

    [isLoggedIn] => 1
)

DEBUG - 2025-02-14 04:32:11 --> Session: Class initialized using 'CodeIgniter\Session\Handlers\FileHandler' driver.
INFO - 2025-02-14 04:32:11 --> Session Data in Filter: Array
(
    [__ci_last_regenerate] => 1739507497
    [_ci_previous_url] => http://localhost/index.php/dashboard
    [id] => 18
    [name] => Hasala
    [role] => SuperAdmin
    [privileges] => Array
        (
            [0] => scan_number_plate
            [1] => issue_gate_pass
            [2] => view_vehicles_inside
            [3] => add_vehicle_user
            [4] => manage_users
            [5] => register_user
        )

    [isLoggedIn] => 1
)

DEBUG - 2025-02-14 04:32:42 --> Session: Class initialized using 'CodeIgniter\Session\Handlers\FileHandler' driver.
INFO - 2025-02-14 04:32:42 --> Session Data in Filter: Array
(
    [__ci_last_regenerate] => 1739507497
    [_ci_previous_url] => http://localhost/index.php/dashboard/scan
    [id] => 18
    [name] => Hasala
    [role] => SuperAdmin
    [privileges] => Array
        (
            [0] => scan_number_plate
            [1] => issue_gate_pass
            [2] => view_vehicles_inside
            [3] => add_vehicle_user
            [4] => manage_users
            [5] => register_user
        )

    [isLoggedIn] => 1
)

DEBUG - 2025-02-14 04:32:46 --> Session: Class initialized using 'CodeIgniter\Session\Handlers\FileHandler' driver.
INFO - 2025-02-14 04:32:46 --> Session Data in Filter: Array
(
    [__ci_last_regenerate] => 1739507497
    [_ci_previous_url] => http://localhost/index.php/dashboard/issueGatePassForm
    [id] => 18
    [name] => Hasala
    [role] => SuperAdmin
    [privileges] => Array
        (
            [0] => scan_number_plate
            [1] => issue_gate_pass
            [2] => view_vehicles_inside
            [3] => add_vehicle_user
            [4] => manage_users
            [5] => register_user
        )

    [isLoggedIn] => 1
)

DEBUG - 2025-02-14 04:32:55 --> Session: Class initialized using 'CodeIgniter\Session\Handlers\FileHandler' driver.
INFO - 2025-02-14 04:32:55 --> Session Data in Filter: Array
(
    [__ci_last_regenerate] => 1739507575
)

DEBUG - 2025-02-14 04:33:03 --> Session: Class initialized using 'CodeIgniter\Session\Handlers\FileHandler' driver.
INFO - 2025-02-14 04:33:03 --> Session Data in Filter: Array
(
    [__ci_last_regenerate] => 1739507497
    [_ci_previous_url] => http://localhost/index.php/dashboard
    [id] => 18
    [name] => Hasala
    [role] => SuperAdmin
    [privileges] => Array
        (
            [0] => scan_number_plate
            [1] => issue_gate_pass
            [2] => view_vehicles_inside
            [3] => add_vehicle_user
            [4] => manage_users
            [5] => register_user
        )

    [isLoggedIn] => 1
)

DEBUG - 2025-02-14 04:41:49 --> Session: Class initialized using 'CodeIgniter\Session\Handlers\FileHandler' driver.
INFO - 2025-02-14 04:41:49 --> Session Data in Filter: Array
(
    [__ci_last_regenerate] => 1739508109
    [_ci_previous_url] => http://localhost/index.php/dashboard
    [id] => 18
    [name] => Hasala
    [role] => SuperAdmin
    [privileges] => Array
        (
            [0] => scan_number_plate
            [1] => issue_gate_pass
            [2] => view_vehicles_inside
            [3] => add_vehicle_user
            [4] => manage_users
            [5] => register_user
        )

    [isLoggedIn] => 1
)

DEBUG - 2025-02-14 04:50:09 --> Session: Class initialized using 'CodeIgniter\Session\Handlers\FileHandler' driver.
INFO - 2025-02-14 04:50:09 --> Session Data in Filter: Array
(
    [__ci_last_regenerate] => 1739508609
    [_ci_previous_url] => http://localhost/index.php/dashboard/scan
    [id] => 18
    [name] => Hasala
    [role] => SuperAdmin
    [privileges] => Array
        (
            [0] => scan_number_plate
            [1] => issue_gate_pass
            [2] => view_vehicles_inside
            [3] => add_vehicle_user
            [4] => manage_users
            [5] => register_user
        )

    [isLoggedIn] => 1
)

DEBUG - 2025-02-14 04:58:37 --> Session: Class initialized using 'CodeIgniter\Session\Handlers\FileHandler' driver.
INFO - 2025-02-14 04:58:37 --> Session Data in Filter: Array
(
    [__ci_last_regenerate] => 1739509117
    [_ci_previous_url] => http://localhost/index.php/dashboard
    [id] => 18
    [name] => Hasala
    [role] => SuperAdmin
    [privileges] => Array
        (
            [0] => scan_number_plate
            [1] => issue_gate_pass
            [2] => view_vehicles_inside
            [3] => add_vehicle_user
            [4] => manage_users
            [5] => register_user
        )

    [isLoggedIn] => 1
)

