DEBUG - 2025-02-01 07:29:08 --> Session: Class initialized using 'CodeIgniter\Session\Handlers\FileHandler' driver.
DEBUG - 2025-02-01 07:29:11 --> Session: Class initialized using 'CodeIgniter\Session\Handlers\FileHandler' driver.
DEBUG - 2025-02-01 08:13:00 --> Session: Class initialized using 'CodeIgniter\Session\Handlers\FileHandler' driver.
DEBUG - 2025-02-01 08:13:08 --> Session: Class initialized using 'CodeIgniter\Session\Handlers\FileHandler' driver.
DEBUG - 2025-02-01 08:13:09 --> Session: Class initialized using 'CodeIgniter\Session\Handlers\FileHandler' driver.
DEBUG - 2025-02-01 08:13:14 --> Session: Class initialized using 'CodeIgniter\Session\Handlers\FileHandler' driver.
DEBUG - 2025-02-01 08:13:19 --> Session: Class initialized using 'CodeIgniter\Session\Handlers\FileHandler' driver.
DEBUG - 2025-02-01 08:13:21 --> Session: Class initialized using 'CodeIgniter\Session\Handlers\FileHandler' driver.
DEBUG - 2025-02-01 08:13:25 --> Session: Class initialized using 'CodeIgniter\Session\Handlers\FileHandler' driver.
DEBUG - 2025-02-01 08:24:24 --> Session: Class initialized using 'CodeIgniter\Session\Handlers\FileHandler' driver.
DEBUG - 2025-02-01 08:24:47 --> Session: Class initialized using 'CodeIgniter\Session\Handlers\FileHandler' driver.
DEBUG - 2025-02-01 08:24:47 --> Session: Class initialized using 'CodeIgniter\Session\Handlers\FileHandler' driver.
DEBUG - 2025-02-01 08:24:59 --> Session: Class initialized using 'CodeIgniter\Session\Handlers\FileHandler' driver.
DEBUG - 2025-02-01 08:34:49 --> Session: Class initialized using 'CodeIgniter\Session\Handlers\FileHandler' driver.
DEBUG - 2025-02-01 08:34:54 --> Session: Class initialized using 'CodeIgniter\Session\Handlers\FileHandler' driver.
DEBUG - 2025-02-01 08:34:54 --> Session: Class initialized using 'CodeIgniter\Session\Handlers\FileHandler' driver.
DEBUG - 2025-02-01 08:35:00 --> Session: Class initialized using 'CodeIgniter\Session\Handlers\FileHandler' driver.
DEBUG - 2025-02-01 08:44:07 --> Session: Class initialized using 'CodeIgniter\Session\Handlers\FileHandler' driver.
DEBUG - 2025-02-01 08:44:15 --> Session: Class initialized using 'CodeIgniter\Session\Handlers\FileHandler' driver.
DEBUG - 2025-02-01 08:44:15 --> Session: Class initialized using 'CodeIgniter\Session\Handlers\FileHandler' driver.
DEBUG - 2025-02-01 08:44:17 --> Session: Class initialized using 'CodeIgniter\Session\Handlers\FileHandler' driver.
DEBUG - 2025-02-01 08:44:19 --> Session: Class initialized using 'CodeIgniter\Session\Handlers\FileHandler' driver.
DEBUG - 2025-02-01 08:44:41 --> Session: Class initialized using 'CodeIgniter\Session\Handlers\FileHandler' driver.
DEBUG - 2025-02-01 08:44:41 --> Session: Class initialized using 'CodeIgniter\Session\Handlers\FileHandler' driver.
DEBUG - 2025-02-01 08:44:49 --> Session: Class initialized using 'CodeIgniter\Session\Handlers\FileHandler' driver.
DEBUG - 2025-02-01 08:44:50 --> Session: Class initialized using 'CodeIgniter\Session\Handlers\FileHandler' driver.
DEBUG - 2025-02-01 08:44:57 --> Session: Class initialized using 'CodeIgniter\Session\Handlers\FileHandler' driver.
DEBUG - 2025-02-01 08:44:57 --> Session: Class initialized using 'CodeIgniter\Session\Handlers\FileHandler' driver.
DEBUG - 2025-02-01 08:45:06 --> Session: Class initialized using 'CodeIgniter\Session\Handlers\FileHandler' driver.
DEBUG - 2025-02-01 08:45:07 --> Session: Class initialized using 'CodeIgniter\Session\Handlers\FileHandler' driver.
DEBUG - 2025-02-01 08:48:00 --> Session: Class initialized using 'CodeIgniter\Session\Handlers\FileHandler' driver.
INFO - 2025-02-01 08:48:00 --> Stored Hashed Password: $2y$10$VYsVy5kFnPQ36B.4XR0JXeTQRekKIUWxmgKb/o2Txj4l0Lx82l9YC
DEBUG - 2025-02-01 08:48:00 --> Session: Class initialized using 'CodeIgniter\Session\Handlers\FileHandler' driver.
DEBUG - 2025-02-01 08:51:04 --> Session: Class initialized using 'CodeIgniter\Session\Handlers\FileHandler' driver.
DEBUG - 2025-02-01 08:51:13 --> Session: Class initialized using 'CodeIgniter\Session\Handlers\FileHandler' driver.
INFO - 2025-02-01 08:51:13 --> Stored Hashed Password: $2y$10$VYsVy5kFnPQ36B.4XR0JXeTQRekKIUWxmgKb/o2Txj4l0Lx82l9YC
ERROR - 2025-02-01 08:51:13 --> Password mismatch for user: Main2
DEBUG - 2025-02-01 08:51:14 --> Session: Class initialized using 'CodeIgniter\Session\Handlers\FileHandler' driver.
DEBUG - 2025-02-01 08:53:35 --> Session: Class initialized using 'CodeIgniter\Session\Handlers\FileHandler' driver.
INFO - 2025-02-01 08:53:35 --> Stored Hashed Password: $2y$10$VYsVy5kFnPQ36B.4XR0JXeTQRekKIUWxmgKb/o2Txj4l0Lx82l9YC
ERROR - 2025-02-01 08:53:35 --> Password mismatch for user: Main2
DEBUG - 2025-02-01 08:53:35 --> Session: Class initialized using 'CodeIgniter\Session\Handlers\FileHandler' driver.
DEBUG - 2025-02-01 09:02:21 --> Session: Class initialized using 'CodeIgniter\Session\Handlers\FileHandler' driver.
DEBUG - 2025-02-01 09:02:29 --> Session: Class initialized using 'CodeIgniter\Session\Handlers\FileHandler' driver.
INFO - 2025-02-01 09:02:29 --> Stored Hashed Password: $2y$10$VYsVy5kFnPQ36B.4XR0JXeTQRekKIUWxmgKb/o2Txj4l0Lx82l9YC
ERROR - 2025-02-01 09:02:29 --> Password mismatch for user: Main2
INFO - 2025-02-01 09:02:29 --> Input Password: 1234567
INFO - 2025-02-01 09:02:29 --> Password Verification: Failure
DEBUG - 2025-02-01 09:02:29 --> Session: Class initialized using 'CodeIgniter\Session\Handlers\FileHandler' driver.
DEBUG - 2025-02-01 09:03:01 --> Session: Class initialized using 'CodeIgniter\Session\Handlers\FileHandler' driver.
INFO - 2025-02-01 09:03:01 --> Stored Hashed Password: $2y$10$VYsVy5kFnPQ36B.4XR0JXeTQRekKIUWxmgKb/o2Txj4l0Lx82l9YC
ERROR - 2025-02-01 09:03:01 --> Password mismatch for user: Main2
INFO - 2025-02-01 09:03:01 --> Input Password: $2y$10$VYsVy5kFnPQ36B.4XR0JXeTQRekKIUWxmgKb/o2Txj4l0Lx82l9YC
INFO - 2025-02-01 09:03:01 --> Password Verification: Failure
DEBUG - 2025-02-01 09:03:01 --> Session: Class initialized using 'CodeIgniter\Session\Handlers\FileHandler' driver.
DEBUG - 2025-02-01 09:09:14 --> Session: Class initialized using 'CodeIgniter\Session\Handlers\FileHandler' driver.
INFO - 2025-02-01 09:09:14 --> Stored Hashed Password: $2y$10$zNQdX4iraGVFVJXCrxbW2O6IwbZXed1yPAPkmqqqKb0TqFKtwZq0i
DEBUG - 2025-02-01 09:09:14 --> Session: Class initialized using 'CodeIgniter\Session\Handlers\FileHandler' driver.
DEBUG - 2025-02-01 09:09:45 --> Session: Class initialized using 'CodeIgniter\Session\Handlers\FileHandler' driver.
DEBUG - 2025-02-01 09:09:47 --> Session: Class initialized using 'CodeIgniter\Session\Handlers\FileHandler' driver.
DEBUG - 2025-02-01 09:15:55 --> Session: Class initialized using 'CodeIgniter\Session\Handlers\FileHandler' driver.
DEBUG - 2025-02-01 09:15:59 --> Session: Class initialized using 'CodeIgniter\Session\Handlers\FileHandler' driver.
DEBUG - 2025-02-01 09:16:04 --> Session: Class initialized using 'CodeIgniter\Session\Handlers\FileHandler' driver.
INFO - 2025-02-01 09:16:04 --> Stored Hashed Password: $2y$10$zNQdX4iraGVFVJXCrxbW2O6IwbZXed1yPAPkmqqqKb0TqFKtwZq0i
INFO - 2025-02-01 09:16:04 --> User Privileges: Array
(
    [0] => scan_number_plate
    [1] => issue_gate_pass
    [2] => view_vehicles_inside
    [3] => add_vehicle_user
    [4] => register_user
)

DEBUG - 2025-02-01 09:16:04 --> Session: Class initialized using 'CodeIgniter\Session\Handlers\FileHandler' driver.
DEBUG - 2025-02-01 09:18:10 --> Session: Class initialized using 'CodeIgniter\Session\Handlers\FileHandler' driver.
DEBUG - 2025-02-01 09:18:16 --> Session: Class initialized using 'CodeIgniter\Session\Handlers\FileHandler' driver.
INFO - 2025-02-01 09:18:16 --> Stored Hashed Password: $2y$10$zNQdX4iraGVFVJXCrxbW2O6IwbZXed1yPAPkmqqqKb0TqFKtwZq0i
INFO - 2025-02-01 09:18:16 --> User Privileges: Array
(
    [0] => scan_number_plate
    [1] => issue_gate_pass
    [2] => view_vehicles_inside
    [3] => add_vehicle_user
    [4] => register_user
)

DEBUG - 2025-02-01 09:18:16 --> Session: Class initialized using 'CodeIgniter\Session\Handlers\FileHandler' driver.
DEBUG - 2025-02-01 09:18:23 --> Session: Class initialized using 'CodeIgniter\Session\Handlers\FileHandler' driver.
DEBUG - 2025-02-01 09:18:25 --> Session: Class initialized using 'CodeIgniter\Session\Handlers\FileHandler' driver.
DEBUG - 2025-02-01 09:18:28 --> Session: Class initialized using 'CodeIgniter\Session\Handlers\FileHandler' driver.
DEBUG - 2025-02-01 09:18:30 --> Session: Class initialized using 'CodeIgniter\Session\Handlers\FileHandler' driver.
DEBUG - 2025-02-01 09:18:33 --> Session: Class initialized using 'CodeIgniter\Session\Handlers\FileHandler' driver.
DEBUG - 2025-02-01 09:18:52 --> Session: Class initialized using 'CodeIgniter\Session\Handlers\FileHandler' driver.
DEBUG - 2025-02-01 09:18:55 --> Session: Class initialized using 'CodeIgniter\Session\Handlers\FileHandler' driver.
DEBUG - 2025-02-01 09:20:57 --> Session: Class initialized using 'CodeIgniter\Session\Handlers\FileHandler' driver.
DEBUG - 2025-02-01 09:20:59 --> Session: Class initialized using 'CodeIgniter\Session\Handlers\FileHandler' driver.
DEBUG - 2025-02-01 09:22:02 --> Session: Class initialized using 'CodeIgniter\Session\Handlers\FileHandler' driver.
DEBUG - 2025-02-01 09:22:07 --> Session: Class initialized using 'CodeIgniter\Session\Handlers\FileHandler' driver.
INFO - 2025-02-01 09:22:07 --> Stored Hashed Password: $2y$10$zNQdX4iraGVFVJXCrxbW2O6IwbZXed1yPAPkmqqqKb0TqFKtwZq0i
INFO - 2025-02-01 09:22:07 --> User Privileges: Array
(
    [0] => scan_number_plate
    [1] => issue_gate_pass
    [2] => view_vehicles_inside
    [3] => add_vehicle_user
    [4] => register_user
)

DEBUG - 2025-02-01 09:22:07 --> Session: Class initialized using 'CodeIgniter\Session\Handlers\FileHandler' driver.
DEBUG - 2025-02-01 09:22:11 --> Session: Class initialized using 'CodeIgniter\Session\Handlers\FileHandler' driver.
DEBUG - 2025-02-01 09:22:13 --> Session: Class initialized using 'CodeIgniter\Session\Handlers\FileHandler' driver.
DEBUG - 2025-02-01 09:22:15 --> Session: Class initialized using 'CodeIgniter\Session\Handlers\FileHandler' driver.
DEBUG - 2025-02-01 09:22:17 --> Session: Class initialized using 'CodeIgniter\Session\Handlers\FileHandler' driver.
DEBUG - 2025-02-01 09:22:20 --> Session: Class initialized using 'CodeIgniter\Session\Handlers\FileHandler' driver.
DEBUG - 2025-02-01 09:22:22 --> Session: Class initialized using 'CodeIgniter\Session\Handlers\FileHandler' driver.
DEBUG - 2025-02-01 09:24:58 --> Session: Class initialized using 'CodeIgniter\Session\Handlers\FileHandler' driver.
DEBUG - 2025-02-01 09:25:00 --> Session: Class initialized using 'CodeIgniter\Session\Handlers\FileHandler' driver.
DEBUG - 2025-02-01 09:25:19 --> Session: Class initialized using 'CodeIgniter\Session\Handlers\FileHandler' driver.
DEBUG - 2025-02-01 09:25:19 --> Session: Class initialized using 'CodeIgniter\Session\Handlers\FileHandler' driver.
DEBUG - 2025-02-01 09:25:32 --> Session: Class initialized using 'CodeIgniter\Session\Handlers\FileHandler' driver.
DEBUG - 2025-02-01 09:25:42 --> Session: Class initialized using 'CodeIgniter\Session\Handlers\FileHandler' driver.
INFO - 2025-02-01 09:25:42 --> Stored Hashed Password: $2y$10$spNQ9OM8R4mvBK0Ac3XygOO1UUmwBpTLqzaHbA.TFjADdJSWIH4QK
ERROR - 2025-02-01 09:25:42 --> Password mismatch for user: Main3
DEBUG - 2025-02-01 09:25:42 --> Session: Class initialized using 'CodeIgniter\Session\Handlers\FileHandler' driver.
DEBUG - 2025-02-01 09:33:58 --> Session: Class initialized using 'CodeIgniter\Session\Handlers\FileHandler' driver.
DEBUG - 2025-02-01 14:04:01 --> Session: Class initialized using 'CodeIgniter\Session\Handlers\FileHandler' driver.
DEBUG - 2025-02-01 14:05:18 --> Session: Class initialized using 'CodeIgniter\Session\Handlers\FileHandler' driver.
INFO - 2025-02-01 14:05:44 --> Received Password Before Hashing: 1234567
INFO - 2025-02-01 14:05:44 --> Stored Hashed Password: $2y$10$Lsxc8Q.FVZJlacadNcUNPOOz.53880.kxNBOpVHJXmOWSEWggHaqq
DEBUG - 2025-02-01 14:05:45 --> Session: Class initialized using 'CodeIgniter\Session\Handlers\FileHandler' driver.
DEBUG - 2025-02-01 14:05:45 --> Session: Class initialized using 'CodeIgniter\Session\Handlers\FileHandler' driver.
DEBUG - 2025-02-01 14:05:59 --> Session: Class initialized using 'CodeIgniter\Session\Handlers\FileHandler' driver.
INFO - 2025-02-01 14:05:59 --> Stored Hashed Password: $2y$10$sEHzpcFHKEEfgX5r/ypiDO8CNy512IDR8BcE7TcetKsdPt53770ei
ERROR - 2025-02-01 14:05:59 --> Password mismatch for user: Main5
DEBUG - 2025-02-01 14:05:59 --> Session: Class initialized using 'CodeIgniter\Session\Handlers\FileHandler' driver.
DEBUG - 2025-02-01 14:10:07 --> Session: Class initialized using 'CodeIgniter\Session\Handlers\FileHandler' driver.
INFO - 2025-02-01 14:10:07 --> Stored Hashed Password: $2y$10$sEHzpcFHKEEfgX5r/ypiDO8CNy512IDR8BcE7TcetKsdPt53770ei
ERROR - 2025-02-01 14:10:07 --> Password mismatch for user: Main5
INFO - 2025-02-01 14:10:07 --> Entered Password: 1234567
INFO - 2025-02-01 14:10:07 --> Stored Hashed Password from DB: $2y$10$sEHzpcFHKEEfgX5r/ypiDO8CNy512IDR8BcE7TcetKsdPt53770ei
INFO - 2025-02-01 14:10:08 --> Password Verification Result: FAILURE
DEBUG - 2025-02-01 14:10:08 --> Session: Class initialized using 'CodeIgniter\Session\Handlers\FileHandler' driver.
DEBUG - 2025-02-01 14:12:33 --> Session: Class initialized using 'CodeIgniter\Session\Handlers\FileHandler' driver.
INFO - 2025-02-01 14:12:33 --> Stored Hashed Password: $2y$10$sEHzpcFHKEEfgX5r/ypiDO8CNy512IDR8BcE7TcetKsdPt53770ei
ERROR - 2025-02-01 14:12:33 --> Password mismatch for user: Main5
INFO - 2025-02-01 14:12:33 --> Entered Password: 1234567
INFO - 2025-02-01 14:12:33 --> Stored Hashed Password from DB: $2y$10$sEHzpcFHKEEfgX5r/ypiDO8CNy512IDR8BcE7TcetKsdPt53770ei
INFO - 2025-02-01 14:12:34 --> Password Verification Result: FAILURE
DEBUG - 2025-02-01 14:12:34 --> Session: Class initialized using 'CodeIgniter\Session\Handlers\FileHandler' driver.
DEBUG - 2025-02-01 14:35:01 --> Session: Class initialized using 'CodeIgniter\Session\Handlers\FileHandler' driver.
ERROR - 2025-02-01 14:35:01 --> User not found: Main4
DEBUG - 2025-02-01 14:35:01 --> Session: Class initialized using 'CodeIgniter\Session\Handlers\FileHandler' driver.
DEBUG - 2025-02-01 14:35:09 --> Session: Class initialized using 'CodeIgniter\Session\Handlers\FileHandler' driver.
INFO - 2025-02-01 14:35:09 --> Stored Hashed Password: $2y$10$sEHzpcFHKEEfgX5r/ypiDO8CNy512IDR8BcE7TcetKsdPt53770ei
ERROR - 2025-02-01 14:35:09 --> Password mismatch for user: Main5
INFO - 2025-02-01 14:35:09 --> Entered Password: 1234567
INFO - 2025-02-01 14:35:09 --> Stored Hashed Password from DB: $2y$10$sEHzpcFHKEEfgX5r/ypiDO8CNy512IDR8BcE7TcetKsdPt53770ei
INFO - 2025-02-01 14:35:09 --> Password Verification Result: FAILURE
DEBUG - 2025-02-01 14:35:10 --> Session: Class initialized using 'CodeIgniter\Session\Handlers\FileHandler' driver.
DEBUG - 2025-02-01 14:35:18 --> Session: Class initialized using 'CodeIgniter\Session\Handlers\FileHandler' driver.
ERROR - 2025-02-01 14:35:18 --> User not found: Main6
DEBUG - 2025-02-01 14:35:19 --> Session: Class initialized using 'CodeIgniter\Session\Handlers\FileHandler' driver.
DEBUG - 2025-02-01 14:35:27 --> Session: Class initialized using 'CodeIgniter\Session\Handlers\FileHandler' driver.
INFO - 2025-02-01 14:35:27 --> Stored Hashed Password: $2y$10$spNQ9OM8R4mvBK0Ac3XygOO1UUmwBpTLqzaHbA.TFjADdJSWIH4QK
ERROR - 2025-02-01 14:35:27 --> Password mismatch for user: Main3
INFO - 2025-02-01 14:35:27 --> Entered Password: 1234567
INFO - 2025-02-01 14:35:27 --> Stored Hashed Password from DB: $2y$10$spNQ9OM8R4mvBK0Ac3XygOO1UUmwBpTLqzaHbA.TFjADdJSWIH4QK
INFO - 2025-02-01 14:35:27 --> Password Verification Result: FAILURE
DEBUG - 2025-02-01 14:35:28 --> Session: Class initialized using 'CodeIgniter\Session\Handlers\FileHandler' driver.
DEBUG - 2025-02-01 14:36:37 --> Session: Class initialized using 'CodeIgniter\Session\Handlers\FileHandler' driver.
INFO - 2025-02-01 14:36:37 --> Stored Hashed Password: $2y$10$zNQdX4iraGVFVJXCrxbW2O6IwbZXed1yPAPkmqqqKb0TqFKtwZq0i
ERROR - 2025-02-01 14:36:38 --> Password mismatch for user: Main2
INFO - 2025-02-01 14:36:38 --> Entered Password: 1234567
INFO - 2025-02-01 14:36:38 --> Stored Hashed Password from DB: $2y$10$zNQdX4iraGVFVJXCrxbW2O6IwbZXed1yPAPkmqqqKb0TqFKtwZq0i
INFO - 2025-02-01 14:36:38 --> Password Verification Result: SUCCESS
DEBUG - 2025-02-01 14:36:38 --> Session: Class initialized using 'CodeIgniter\Session\Handlers\FileHandler' driver.
DEBUG - 2025-02-01 14:38:59 --> Session: Class initialized using 'CodeIgniter\Session\Handlers\FileHandler' driver.
DEBUG - 2025-02-01 14:39:07 --> Session: Class initialized using 'CodeIgniter\Session\Handlers\FileHandler' driver.
INFO - 2025-02-01 14:39:08 --> Stored Hashed Password from DB: $2y$10$zNQdX4iraGVFVJXCrxbW2O6IwbZXed1yPAPkmqqqKb0TqFKtwZq0i
INFO - 2025-02-01 14:39:08 --> Entered Password: 1234567
INFO - 2025-02-01 14:39:08 --> Password Verification Result: SUCCESS
DEBUG - 2025-02-01 14:39:08 --> Session: Class initialized using 'CodeIgniter\Session\Handlers\FileHandler' driver.
DEBUG - 2025-02-01 14:39:11 --> Session: Class initialized using 'CodeIgniter\Session\Handlers\FileHandler' driver.
DEBUG - 2025-02-01 14:39:14 --> Session: Class initialized using 'CodeIgniter\Session\Handlers\FileHandler' driver.
INFO - 2025-02-01 14:39:30 --> Received Password Before Hashing: 12345678
INFO - 2025-02-01 14:39:30 --> Stored Hashed Password: $2y$10$TpqkAKj1D.ZSfQ83uHLqleSeRpJdTqEfSaEIZYjhbR5utXZlhqGmG
DEBUG - 2025-02-01 14:39:30 --> Session: Class initialized using 'CodeIgniter\Session\Handlers\FileHandler' driver.
DEBUG - 2025-02-01 14:39:31 --> Session: Class initialized using 'CodeIgniter\Session\Handlers\FileHandler' driver.
DEBUG - 2025-02-01 14:39:39 --> Session: Class initialized using 'CodeIgniter\Session\Handlers\FileHandler' driver.
INFO - 2025-02-01 14:39:39 --> Stored Hashed Password from DB: $2y$10$XbP/fyNQEyKV.4i5/HWlKOlqTw1.NYee2hX971jGZLf/sHAtTGBfS
INFO - 2025-02-01 14:39:39 --> Entered Password: 12345678
ERROR - 2025-02-01 14:39:39 --> Password mismatch for user: Main3
DEBUG - 2025-02-01 14:39:40 --> Session: Class initialized using 'CodeIgniter\Session\Handlers\FileHandler' driver.
DEBUG - 2025-02-01 14:47:35 --> Session: Class initialized using 'CodeIgniter\Session\Handlers\FileHandler' driver.
DEBUG - 2025-02-01 14:52:25 --> Session: Class initialized using 'CodeIgniter\Session\Handlers\FileHandler' driver.
DEBUG - 2025-02-01 14:52:41 --> Session: Class initialized using 'CodeIgniter\Session\Handlers\FileHandler' driver.
DEBUG - 2025-02-01 14:52:41 --> Session: Class initialized using 'CodeIgniter\Session\Handlers\FileHandler' driver.
DEBUG - 2025-02-01 14:52:49 --> Session: Class initialized using 'CodeIgniter\Session\Handlers\FileHandler' driver.
INFO - 2025-02-01 14:52:49 --> Stored Hashed Password from DB: $2y$10$muRd.Ql1EaRfweaeYG.e.eDUy58Mehs78VS1IPoBW7OMtlbNg2An.
INFO - 2025-02-01 14:52:49 --> Entered Password: 12345678
INFO - 2025-02-01 14:52:49 --> Password Verification Result: SUCCESS
DEBUG - 2025-02-01 14:52:50 --> Session: Class initialized using 'CodeIgniter\Session\Handlers\FileHandler' driver.
DEBUG - 2025-02-01 14:52:55 --> Session: Class initialized using 'CodeIgniter\Session\Handlers\FileHandler' driver.
